<?xml version="1.0" encoding="UTF-8"?>
<testng-results ignored="0" total="1" passed="1" failed="0" skipped="0">
  <reporter-output>
  </reporter-output>
  <suite started-at="2023-07-23T16:24:57 CST" name="Default suite" finished-at="2023-07-23T16:24:57 CST" duration-ms="46">
    <groups>
    </groups>
    <test started-at="2023-07-23T16:24:57 CST" name="Default test" finished-at="2023-07-23T16:24:57 CST" duration-ms="46">
      <class name="streams.test1">
        <test-method signature="streamCollect()[pri:0, instance:streams.test1@294425a7]" started-at="2023-07-23T16:24:57 CST" name="streamCollect" finished-at="2023-07-23T16:24:57 CST" duration-ms="12" status="PASS">
          <reporter-output>
          </reporter-output>
        </test-method> <!-- streamCollect -->
      </class> <!-- streams.test1 -->
    </test> <!-- Default test -->
  </suite> <!-- Default suite -->
</testng-results>
